Mono path[0] = 'D:/Program Files (x86)/Steam/steamapps/common/RimWorld/RimWorldWin64_Data/Managed'
Mono config path = 'D:/Program Files (x86)/Steam/steamapps/common/RimWorld/MonoBleedingEdge/etc'
Initialize engine version: 2019.4.30f1 (e8c891080a1f)
[Subsystems] Discovering subsystems at path D:/Program Files (x86)/Steam/steamapps/common/RimWorld/RimWorldWin64_Data/UnitySubsystems
GfxDevice: creating device client; threaded=1
Direct3D:
    Version:  Direct3D 11.0 [level 11.1]
    Renderer: NVIDIA GeForce GTX 1080 (ID=0x1b80)
    Vendor:   
    VRAM:     8079 MB
    Driver:   27.21.14.5751
Begin MonoManager ReloadAssembly
- Completed reload, in  0.093 seconds
<RI> Initializing input.
<RI> Input initialized.
<RI> Initialized touch support.
UnloadTime: 0.966100 ms
Command line arguments: -savedatafolder=C:\Users\Riskaz\AppData\LocalLow\Ludeon Studios\RimWorld by Ludeon Studios
RimWorld 1.4.3704 rev896
Save data folder overridden to C:\Users\Riskaz\AppData\LocalLow\Ludeon Studios\RimWorld by Ludeon Studios
Fallback handler could not load library D:/Program Files (x86)/Steam/steamapps/common/RimWorld/RimWorldWin64_Data/Mono/data-0000020DC4FB3020.dll
Fallback handler could not load library D:/Program Files (x86)/Steam/steamapps/common/RimWorld/RimWorldWin64_Data/Mono/data-0000020DC3D3D0D0.dll
Fallback handler could not load library D:/Program Files (x86)/Steam/steamapps/common/RimWorld/RimWorldWin64_Data/Mono/data-0000020DC4EA0A20.dll
Fallback handler could not load library D:/Program Files (x86)/Steam/steamapps/common/RimWorld/RimWorldWin64_Data/Mono/data-0000020DC3220040.dll
Fallback handler could not load library D:/Program Files (x86)/Steam/steamapps/common/RimWorld/RimWorldWin64_Data/Mono/data-0000020DC3D3E4E0.dll
Fallback handler could not load library D:/Program Files (x86)/Steam/steamapps/common/RimWorld/RimWorldWin64_Data/Mono/data-0000020DC4ED3030.dll
Fallback handler could not load library D:/Program Files (x86)/Steam/steamapps/common/RimWorld/RimWorldWin64_Data/Mono/data-0000020DC50D8010.dll
Fallback handler could not load library D:/Program Files (x86)/Steam/steamapps/common/RimWorld/RimWorldWin64_Data/Mono/data-0000020DC50DDC20.dll
Fallback handler could not load library D:/Program Files (x86)/Steam/steamapps/common/RimWorld/RimWorldWin64_Data/Mono/data-0000020DC50E1E30.dll
Fallback handler could not load library D:/Program Files (x86)/Steam/steamapps/common/RimWorld/RimWorldWin64_Data/Mono/data-0000020DC5112050.dll
Fallback handler could not load library D:/Program Files (x86)/Steam/steamapps/common/RimWorld/RimWorldWin64_Data/Mono/data-0000020DC5153480.dll
Fallback handler could not load library D:/Program Files (x86)/Steam/steamapps/common/RimWorld/RimWorldWin64_Data/Mono/data-0000020DC5154E90.dll
Fallback handler could not load library D:/Program Files (x86)/Steam/steamapps/common/RimWorld/RimWorldWin64_Data/Mono/data-0000020DC51606B0.dll
Fallback handler could not load library D:/Program Files (x86)/Steam/steamapps/common/RimWorld/RimWorldWin64_Data/Mono/data-0000020DC519B8D0.dll
Fallback handler could not load library D:/Program Files (x86)/Steam/steamapps/common/RimWorld/RimWorldWin64_Data/Mono/data-0000020DC51B6AE0.dll
Fallback handler could not load library D:/Program Files (x86)/Steam/steamapps/common/RimWorld/RimWorldWin64_Data/Mono/data-0000020DC51B88F0.dll
Fallback handler could not load library D:/Program Files (x86)/Steam/steamapps/common/RimWorld/RimWorldWin64_Data/Mono/data-0000020DC51B9F00.dll
Fallback handler could not load library D:/Program Files (x86)/Steam/steamapps/common/RimWorld/RimWorldWin64_Data/Mono/data-0000020DC51BB510.dll
Fallback handler could not load library D:/Program Files (x86)/Steam/steamapps/common/RimWorld/RimWorldWin64_Data/Mono/data-0000020DC51CED20.dll
Fallback handler could not load library D:/Program Files (x86)/Steam/steamapps/common/RimWorld/RimWorldWin64_Data/Mono/data-0000020DC51D8B30.dll
Fallback handler could not load library D:/Program Files (x86)/Steam/steamapps/common/RimWorld/RimWorldWin64_Data/Mono/data-0000020DC5324180.dll
Fallback handler could not load library D:/Program Files (x86)/Steam/steamapps/common/RimWorld/RimWorldWin64_Data/Mono/data-0000020DC53479C0.dll
Fallback handler could not load library D:/Program Files (x86)/Steam/steamapps/common/RimWorld/RimWorldWin64_Data/Mono/data-0000020DC53B8020.dll
Fallback handler could not load library D:/Program Files (x86)/Steam/steamapps/common/RimWorld/RimWorldWin64_Data/Mono/data-0000020DC53C6A30.dll
Fallback handler could not load library D:/Program Files (x86)/Steam/steamapps/common/RimWorld/RimWorldWin64_Data/Mono/data-0000020DC53CA640.dll
Fallback handler could not load library D:/Program Files (x86)/Steam/steamapps/common/RimWorld/RimWorldWin64_Data/Mono/data-0000020DC53CFA50.dll
Fallback handler could not load library D:/Program Files (x86)/Steam/steamapps/common/RimWorld/RimWorldWin64_Data/Mono/data-0000020DC53D7660.dll
Fallback handler could not load library D:/Program Files (x86)/Steam/steamapps/common/RimWorld/RimWorldWin64_Data/Mono/data-0000020DC5405C80.dll
Fallback handler could not load library D:/Program Files (x86)/Steam/steamapps/common/RimWorld/RimWorldWin64_Data/Mono/data-0000020DC5426490.dll
Fallback handler could not load library D:/Program Files (x86)/Steam/steamapps/common/RimWorld/RimWorldWin64_Data/Mono/data-0000020DC5488530.dll
Fallback handler could not load library D:/Program Files (x86)/Steam/steamapps/common/RimWorld/RimWorldWin64_Data/Mono/data-0000020DC54A2B50.dll
Fallback handler could not load library D:/Program Files (x86)/Steam/steamapps/common/RimWorld/RimWorldWin64_Data/Mono/data-0000020DC5518010.dll
Fallback handler could not load library D:/Program Files (x86)/Steam/steamapps/common/RimWorld/RimWorldWin64_Data/Mono/data-0000020DC5564B50.dll
Fallback handler could not load library D:/Program Files (x86)/Steam/steamapps/common/RimWorld/RimWorldWin64_Data/Mono/data-0000020DC567C0A0.dll
Fallback handler could not load library D:/Program Files (x86)/Steam/steamapps/common/RimWorld/RimWorldWin64_Data/Mono/data-0000020DC56994D0.dll
Fallback handler could not load library D:/Program Files (x86)/Steam/steamapps/common/RimWorld/RimWorldWin64_Data/Mono/data-0000020DC56D7410.dll
Fallback handler could not load library D:/Program Files (x86)/Steam/steamapps/common/RimWorld/RimWorldWin64_Data/Mono/data-0000020DC56D9820.dll
Fallback handler could not load library D:/Program Files (x86)/Steam/steamapps/common/RimWorld/RimWorldWin64_Data/Mono/data-0000020DC5726010.dll
Fallback handler could not load library D:/Program Files (x86)/Steam/steamapps/common/RimWorld/RimWorldWin64_Data/Mono/data-0000020DC575F940.dll
Fallback handler could not load library D:/Program Files (x86)/Steam/steamapps/common/RimWorld/RimWorldWin64_Data/Mono/data-0000020DC5764F50.dll
Fallback handler could not load library D:/Program Files (x86)/Steam/steamapps/common/RimWorld/RimWorldWin64_Data/Mono/data-0000020DC5769760.dll
Fallback handler could not load library D:/Program Files (x86)/Steam/steamapps/common/RimWorld/RimWorldWin64_Data/Mono/data-0000020DC5787990.dll
Fallback handler could not load library D:/Program Files (x86)/Steam/steamapps/common/RimWorld/RimWorldWin64_Data/Mono/data-0000020DC57927A0.dll
Fallback handler could not load library D:/Program Files (x86)/Steam/steamapps/common/RimWorld/RimWorldWin64_Data/Mono/data-0000020DC3D3F8F0.dll
Fallback handler could not load library D:/Program Files (x86)/Steam/steamapps/common/RimWorld/RimWorldWin64_Data/Mono/data-0000020DC3D40D00.dll
Fallback handler could not load library D:/Program Files (x86)/Steam/steamapps/common/RimWorld/RimWorldWin64_Data/Mono/data-0000020DC3D43520.dll
Fallback handler could not load library D:/Program Files (x86)/Steam/steamapps/common/RimWorld/RimWorldWin64_Data/Mono/data-0000020DC57A6FD0.dll
Fallback handler could not load library D:/Program Files (x86)/Steam/steamapps/common/RimWorld/RimWorldWin64_Data/Mono/data-0000020DC57A8DE0.dll
Fallback handler could not load library D:/Program Files (x86)/Steam/steamapps/common/RimWorld/RimWorldWin64_Data/Mono/data-0000020DC57B3A00.dll
Fallback handler could not load library D:/Program Files (x86)/Steam/steamapps/common/RimWorld/RimWorldWin64_Data/Mono/data-0000020DC57B7810.dll
Fallback handler could not load library D:/Program Files (x86)/Steam/steamapps/common/RimWorld/RimWorldWin64_Data/Mono/data-0000020DC57BA030.dll
Fallback handler could not load library D:/Program Files (x86)/Steam/steamapps/common/RimWorld/RimWorldWin64_Data/Mono/data-0000020DC57D1E50.dll
Fallback handler could not load library D:/Program Files (x86)/Steam/steamapps/common/RimWorld/RimWorldWin64_Data/Mono/data-0000020DC57D3060.dll
Fallback handler could not load library D:/Program Files (x86)/Steam/steamapps/common/RimWorld/RimWorldWin64_Data/Mono/data-0000020DC57EF470.dll
Fallback handler could not load library D:/Program Files (x86)/Steam/steamapps/common/RimWorld/RimWorldWin64_Data/Mono/data-0000020DC5816BB0.dll
Fallback handler could not load library D:/Program Files (x86)/Steam/steamapps/common/RimWorld/RimWorldWin64_Data/Mono/data-0000020DC5854FB0.dll
Fallback handler could not load library D:/Program Files (x86)/Steam/steamapps/common/RimWorld/RimWorldWin64_Data/Mono/data-0000020DC5862DD0.dll
Fallback handler could not load library D:/Program Files (x86)/Steam/steamapps/common/RimWorld/RimWorldWin64_Data/Mono/data-0000020DC5714A00.dll
Fallback handler could not load library D:/Program Files (x86)/Steam/steamapps/common/RimWorld/RimWorldWin64_Data/Mono/data-0000020DC5867DE0.dll
Fallback handler could not load library D:/Program Files (x86)/Steam/steamapps/common/RimWorld/RimWorldWin64_Data/Mono/data-0000020DC58E1920.dll
Fallback handler could not load library D:/Program Files (x86)/Steam/steamapps/common/RimWorld/RimWorldWin64_Data/Mono/data-0000020DC5969010.dll
Fallback handler could not load library D:/Program Files (x86)/Steam/steamapps/common/RimWorld/RimWorldWin64_Data/Mono/data-0000020DC5974640.dll
Fallback handler could not load library D:/Program Files (x86)/Steam/steamapps/common/RimWorld/RimWorldWin64_Data/Mono/data-0000020DC5990C70.dll
Fallback handler could not load library D:/Program Files (x86)/Steam/steamapps/common/RimWorld/RimWorldWin64_Data/Mono/data-0000020DC5995E80.dll
Fallback handler could not load library D:/Program Files (x86)/Steam/steamapps/common/RimWorld/RimWorldWin64_Data/Mono/data-0000020DC599D2A0.dll
Fallback handler could not load library D:/Program Files (x86)/Steam/steamapps/common/RimWorld/RimWorldWin64_Data/Mono/data-0000020DC59A2CC0.dll
Fallback handler could not load library D:/Program Files (x86)/Steam/steamapps/common/RimWorld/RimWorldWin64_Data/Mono/data-0000020DC59A50D0.dll
Fallback handler could not load library D:/Program Files (x86)/Steam/steamapps/common/RimWorld/RimWorldWin64_Data/Mono/data-0000020DC59CCF00.dll
Fallback handler could not load library D:/Program Files (x86)/Steam/steamapps/common/RimWorld/RimWorldWin64_Data/Mono/data-0000020DC59E0D20.dll
Fallback handler could not load library D:/Program Files (x86)/Steam/steamapps/common/RimWorld/RimWorldWin64_Data/Mono/data-0000020DC59E2B30.dll
Fallback handler could not load library D:/Program Files (x86)/Steam/steamapps/common/RimWorld/RimWorldWin64_Data/Mono/data-0000020DC59E4740.dll
Fallback handler could not load library D:/Program Files (x86)/Steam/steamapps/common/RimWorld/RimWorldWin64_Data/Mono/data-0000020DC5AE2960.dll
Fallback handler could not load library D:/Program Files (x86)/Steam/steamapps/common/RimWorld/RimWorldWin64_Data/Mono/data-0000020DC5AE4D70.dll
Fallback handler could not load library D:/Program Files (x86)/Steam/steamapps/common/RimWorld/RimWorldWin64_Data/Mono/data-0000020DC5AE8F90.dll
Fallback handler could not load library D:/Program Files (x86)/Steam/steamapps/common/RimWorld/RimWorldWin64_Data/Mono/data-0000020DC5AFC3A0.dll
Fallback handler could not load library D:/Program Files (x86)/Steam/steamapps/common/RimWorld/RimWorldWin64_Data/Mono/data-0000020DC6C7A8B0.dll
Fallback handler could not load library D:/Program Files (x86)/Steam/steamapps/common/RimWorld/RimWorldWin64_Data/Mono/data-0000020DC6D910B0.dll
Fallback handler could not load library D:/Program Files (x86)/Steam/steamapps/common/RimWorld/RimWorldWin64_Data/Mono/data-0000020DC6F10820.dll
Fallback handler could not load library D:/Program Files (x86)/Steam/steamapps/common/RimWorld/RimWorldWin64_Data/Mono/data-0000020DC6F16C30.dll
Fallback handler could not load library D:/Program Files (x86)/Steam/steamapps/common/RimWorld/RimWorldWin64_Data/Mono/data-0000020DC3D42110.dll
Fallback handler could not load library D:/Program Files (x86)/Steam/steamapps/common/RimWorld/RimWorldWin64_Data/Mono/data-0000020DC6FFF260.dll
Fallback handler could not load library D:/Program Files (x86)/Steam/steamapps/common/RimWorld/RimWorldWin64_Data/Mono/data-0000020DC70ABBF0.dll
Fallback handler could not load library D:/Program Files (x86)/Steam/steamapps/common/RimWorld/RimWorldWin64_Data/Mono/data-0000020DC70D3C00.dll
Fallback handler could not load library D:/Program Files (x86)/Steam/steamapps/common/RimWorld/RimWorldWin64_Data/Mono/data-0000020DC71EF420.dll
Fallback handler could not load library D:/Program Files (x86)/Steam/steamapps/common/RimWorld/RimWorldWin64_Data/Mono/data-0000020DC71F5C30.dll
Fallback handler could not load library D:/Program Files (x86)/Steam/steamapps/common/RimWorld/RimWorldWin64_Data/Mono/data-0000020DC72DCC60.dll
Fallback handler could not load library D:/Program Files (x86)/Steam/steamapps/common/RimWorld/RimWorldWin64_Data/Mono/data-0000020DC7331010.dll
Fallback handler could not load library D:/Program Files (x86)/Steam/steamapps/common/RimWorld/RimWorldWin64_Data/Mono/data-0000020DC7336420.dll
Fallback handler could not load library D:/Program Files (x86)/Steam/steamapps/common/RimWorld/RimWorldWin64_Data/Mono/data-0000020DC5B39E30.dll
Fallback handler could not load library D:/Program Files (x86)/Steam/steamapps/common/RimWorld/RimWorldWin64_Data/Mono/data-0000020DC72EFCC0.dll
Fallback handler could not load library D:/Program Files (x86)/Steam/steamapps/common/RimWorld/RimWorldWin64_Data/Mono/data-0000020DC735E440.dll
Fallback handler could not load library D:/Program Files (x86)/Steam/steamapps/common/RimWorld/RimWorldWin64_Data/Mono/data-0000020DC7366E50.dll
Fallback handler could not load library D:/Program Files (x86)/Steam/steamapps/common/RimWorld/RimWorldWin64_Data/Mono/data-0000020DC7369460.dll
Fallback handler could not load library D:/Program Files (x86)/Steam/steamapps/common/RimWorld/RimWorldWin64_Data/Mono/data-0000020DC736CA70.dll
Fallback handler could not load library D:/Program Files (x86)/Steam/steamapps/common/RimWorld/RimWorldWin64_Data/Mono/data-0000020DC7375480.dll
Fallback handler could not load library D:/Program Files (x86)/Steam/steamapps/common/RimWorld/RimWorldWin64_Data/Mono/data-0000020DC7379AA0.dll
Fallback handler could not load library D:/Program Files (x86)/Steam/steamapps/common/RimWorld/RimWorldWin64_Data/Mono/data-0000020DC7392AC0.dll
Fallback handler could not load library D:/Program Files (x86)/Steam/steamapps/common/RimWorld/RimWorldWin64_Data/Mono/data-0000020DC739C6E0.dll
Fallback handler could not load library D:/Program Files (x86)/Steam/steamapps/common/RimWorld/RimWorldWin64_Data/Mono/data-0000020DC73A1900.dll
Fallback handler could not load library D:/Program Files (x86)/Steam/steamapps/common/RimWorld/RimWorldWin64_Data/Mono/data-0000020DC73A3110.dll
Fallback handler could not load library D:/Program Files (x86)/Steam/steamapps/common/RimWorld/RimWorldWin64_Data/Mono/data-0000020DC73B89B0.dll
Fallback handler could not load library D:/Program Files (x86)/Steam/steamapps/common/RimWorld/RimWorldWin64_Data/Mono/data-0000020DC73F2550.dll
Fallback handler could not load library D:/Program Files (x86)/Steam/steamapps/common/RimWorld/RimWorldWin64_Data/Mono/data-0000020DC73F6F60.dll
Fallback handler could not load library D:/Program Files (x86)/Steam/steamapps/common/RimWorld/RimWorldWin64_Data/Mono/data-0000020DC72F1CD0.dll
Fallback handler could not load library D:/Program Files (x86)/Steam/steamapps/common/RimWorld/RimWorldWin64_Data/Mono/data-0000020DC74BBDA0.dll
Fallback handler could not load library D:/Program Files (x86)/Steam/steamapps/common/RimWorld/RimWorldWin64_Data/Mono/data-0000020DC74BE7B0.dll
Fallback handler could not load library D:/Program Files (x86)/Steam/steamapps/common/RimWorld/RimWorldWin64_Data/Mono/data-0000020DC74CB7E0.dll
Fallback handler could not load library D:/Program Files (x86)/Steam/steamapps/common/RimWorld/RimWorldWin64_Data/Mono/data-0000020DC74D05F0.dll
Fallback handler could not load library D:/Program Files (x86)/Steam/steamapps/common/RimWorld/RimWorldWin64_Data/Mono/data-0000020DC74D5800.dll
Fallback handler could not load library D:/Program Files (x86)/Steam/steamapps/common/RimWorld/RimWorldWin64_Data/Mono/data-0000020DC74DB020.dll
Fallback handler could not load library D:/Program Files (x86)/Steam/steamapps/common/RimWorld/RimWorldWin64_Data/Mono/data-0000020DC7521830.dll
Fallback handler could not load library D:/Program Files (x86)/Steam/steamapps/common/RimWorld/RimWorldWin64_Data/Mono/data-0000020DC7523440.dll
Fallback handler could not load library D:/Program Files (x86)/Steam/steamapps/common/RimWorld/RimWorldWin64_Data/Mono/data-0000020DC7524650.dll
Fallback handler could not load library D:/Program Files (x86)/Steam/steamapps/common/RimWorld/RimWorldWin64_Data/Mono/data-0000020DC75A4A70.dll
Fallback handler could not load library D:/Program Files (x86)/Steam/steamapps/common/RimWorld/RimWorldWin64_Data/Mono/data-0000020DC7663010.dll
Fallback handler could not load library D:/Program Files (x86)/Steam/steamapps/common/RimWorld/RimWorldWin64_Data/Mono/data-0000020DC7668A30.dll
Fallback handler could not load library D:/Program Files (x86)/Steam/steamapps/common/RimWorld/RimWorldWin64_Data/Mono/data-0000020DC73C01E0.dll
Fallback handler could not load library D:/Program Files (x86)/Steam/steamapps/common/RimWorld/RimWorldWin64_Data/Mono/data-0000020DC7673460.dll
Fallback handler could not load library D:/Program Files (x86)/Steam/steamapps/common/RimWorld/RimWorldWin64_Data/Mono/data-0000020DC7681090.dll
Fallback handler could not load library D:/Program Files (x86)/Steam/steamapps/common/RimWorld/RimWorldWin64_Data/Mono/data-0000020DC73B61A0.dll
Fallback handler could not load library D:/Program Files (x86)/Steam/steamapps/common/RimWorld/RimWorldWin64_Data/Mono/data-0000020DC769FAB0.dll
Fallback handler could not load library D:/Program Files (x86)/Steam/steamapps/common/RimWorld/RimWorldWin64_Data/Mono/data-0000020DC76B9CC0.dll
Fallback handler could not load library D:/Program Files (x86)/Steam/steamapps/common/RimWorld/RimWorldWin64_Data/Mono/data-0000020DC76C54D0.dll
Fallback handler could not load library D:/Program Files (x86)/Steam/steamapps/common/RimWorld/RimWorldWin64_Data/Mono/data-0000020DC76DBCE0.dll
Fallback handler could not load library D:/Program Files (x86)/Steam/steamapps/common/RimWorld/RimWorldWin64_Data/Mono/data-0000020F5CB56120.dll
Fallback handler could not load library D:/Program Files (x86)/Steam/steamapps/common/RimWorld/RimWorldWin64_Data/Mono/data-0000020DC76E3900.dll
Fallback handler could not load library D:/Program Files (x86)/Steam/steamapps/common/RimWorld/RimWorldWin64_Data/Mono/data-0000020DC7751140.dll
Fallback handler could not load library D:/Program Files (x86)/Steam/steamapps/common/RimWorld/RimWorldWin64_Data/Mono/data-0000020DC763F5E0.dll
Fallback handler could not load library D:/Program Files (x86)/Steam/steamapps/common/RimWorld/RimWorldWin64_Data/Mono/data-0000020DC777BF70.dll
Fallback handler could not load library D:/Program Files (x86)/Steam/steamapps/common/RimWorld/RimWorldWin64_Data/Mono/data-0000020DC7852010.dll
Fallback handler could not load library D:/Program Files (x86)/Steam/steamapps/common/RimWorld/RimWorldWin64_Data/Mono/data-0000020DC7858E20.dll
Fallback handler could not load library D:/Program Files (x86)/Steam/steamapps/common/RimWorld/RimWorldWin64_Data/Mono/data-0000020DC7892860.dll
Fallback handler could not load library D:/Program Files (x86)/Steam/steamapps/common/RimWorld/RimWorldWin64_Data/Mono/data-0000020DC78B0C80.dll
Fallback handler could not load library D:/Program Files (x86)/Steam/steamapps/common/RimWorld/RimWorldWin64_Data/Mono/data-0000020DC78B3290.dll
Fallback handler could not load library D:/Program Files (x86)/Steam/steamapps/common/RimWorld/RimWorldWin64_Data/Mono/data-0000020DC78B9CA0.dll
Fallback handler could not load library D:/Program Files (x86)/Steam/steamapps/common/RimWorld/RimWorldWin64_Data/Mono/data-0000020DC78C30B0.dll
Fallback handler could not load library D:/Program Files (x86)/Steam/steamapps/common/RimWorld/RimWorldWin64_Data/Mono/data-0000020DC78C66D0.dll
Fallback handler could not load library D:/Program Files (x86)/Steam/steamapps/common/RimWorld/RimWorldWin64_Data/Mono/data-0000020DC790FCF0.dll
Fallback handler could not load library D:/Program Files (x86)/Steam/steamapps/common/RimWorld/RimWorldWin64_Data/Mono/data-0000020DC7927700.dll
Fallback handler could not load library D:/Program Files (x86)/Steam/steamapps/common/RimWorld/RimWorldWin64_Data/Mono/data-0000020DC792B310.dll
Fallback handler could not load library D:/Program Files (x86)/Steam/steamapps/common/RimWorld/RimWorldWin64_Data/Mono/data-0000020DC7952F20.dll
Fallback handler could not load library D:/Program Files (x86)/Steam/steamapps/common/RimWorld/RimWorldWin64_Data/Mono/data-0000020DC7954B30.dll
Fallback handler could not load library D:/Program Files (x86)/Steam/steamapps/common/RimWorld/RimWorldWin64_Data/Mono/data-0000020DC795C540.dll
Fallback handler could not load library D:/Program Files (x86)/Steam/steamapps/common/RimWorld/RimWorldWin64_Data/Mono/data-0000020DC796F350.dll
Fallback handler could not load library D:/Program Files (x86)/Steam/steamapps/common/RimWorld/RimWorldWin64_Data/Mono/data-0000020DC7977D70.dll
Fallback handler could not load library D:/Program Files (x86)/Steam/steamapps/common/RimWorld/RimWorldWin64_Data/Mono/data-0000020DC7982F90.dll
Fallback handler could not load library D:/Program Files (x86)/Steam/steamapps/common/RimWorld/RimWorldWin64_Data/Mono/data-0000020DC7984DA0.dll
Fallback handler could not load library D:/Program Files (x86)/Steam/steamapps/common/RimWorld/RimWorldWin64_Data/Mono/data-0000020DC7A9F2A0.dll
Fallback handler could not load library D:/Program Files (x86)/Steam/steamapps/common/RimWorld/RimWorldWin64_Data/Mono/data-0000020DC79871B0.dll
Fallback handler could not load library D:/Program Files (x86)/Steam/steamapps/common/RimWorld/RimWorldWin64_Data/Mono/data-0000020DC7998FC0.dll
Fallback handler could not load library D:/Program Files (x86)/Steam/steamapps/common/RimWorld/RimWorldWin64_Data/Mono/data-0000020DC7AA0CB0.dll
Fallback handler could not load library D:/Program Files (x86)/Steam/steamapps/common/RimWorld/RimWorldWin64_Data/Mono/data-0000020DC7828C10.dll
Fallback handler could not load library D:/Program Files (x86)/Steam/steamapps/common/RimWorld/RimWorldWin64_Data/Mono/data-0000020DC7AC54D0.dll
Fallback handler could not load library D:/Program Files (x86)/Steam/steamapps/common/RimWorld/RimWorldWin64_Data/Mono/data-0000020DC7AE10F0.dll
Fallback handler could not load library D:/Program Files (x86)/Steam/steamapps/common/RimWorld/RimWorldWin64_Data/Mono/data-0000020DC7AE5D00.dll
Fallback handler could not load library D:/Program Files (x86)/Steam/steamapps/common/RimWorld/RimWorldWin64_Data/Mono/data-0000020DC7B93010.dll
Fallback handler could not load library D:/Program Files (x86)/Steam/steamapps/common/RimWorld/RimWorldWin64_Data/Mono/data-0000020DC7BDCA30.dll
Fallback handler could not load library D:/Program Files (x86)/Steam/steamapps/common/RimWorld/RimWorldWin64_Data/Mono/data-0000020DC7BF7010.dll
Fallback handler could not load library D:/Program Files (x86)/Steam/steamapps/common/RimWorld/RimWorldWin64_Data/Mono/data-0000020DC7C27C30.dll
Fallback handler could not load library D:/Program Files (x86)/Steam/steamapps/common/RimWorld/RimWorldWin64_Data/Mono/data-0000020DC7C3C440.dll
Fallback handler could not load library D:/Program Files (x86)/Steam/steamapps/common/RimWorld/RimWorldWin64_Data/Mono/data-0000020DC775BFB0.dll
Fallback handler could not load library D:/Program Files (x86)/Steam/steamapps/common/RimWorld/RimWorldWin64_Data/Mono/data-0000020DC7C40450.dll
Fallback handler could not load library D:/Program Files (x86)/Steam/steamapps/common/RimWorld/RimWorldWin64_Data/Mono/data-0000020DC7C42E60.dll
Fallback handler could not load library D:/Program Files (x86)/Steam/steamapps/common/RimWorld/RimWorldWin64_Data/Mono/data-0000020DC7C46E70.dll
Fallback handler could not load library D:/Program Files (x86)/Steam/steamapps/common/RimWorld/RimWorldWin64_Data/Mono/data-0000020DC7C52080.dll
Fallback handler could not load library D:/Program Files (x86)/Steam/steamapps/common/RimWorld/RimWorldWin64_Data/Mono/data-0000020DC7C59890.dll
Fallback handler could not load library D:/Program Files (x86)/Steam/steamapps/common/RimWorld/RimWorldWin64_Data/Mono/data-0000020DC7C626A0.dll
Fallback handler could not load library D:/Program Files (x86)/Steam/steamapps/common/RimWorld/RimWorldWin64_Data/Mono/data-0000020DC7C740C0.dll
Fallback handler could not load library D:/Program Files (x86)/Steam/steamapps/common/RimWorld/RimWorldWin64_Data/Mono/data-0000020DC7CB28E0.dll
Fallback handler could not load library D:/Program Files (x86)/Steam/steamapps/common/RimWorld/RimWorldWin64_Data/Mono/data-0000020DC7CBCAF0.dll
Fallback handler could not load library D:/Program Files (x86)/Steam/steamapps/common/RimWorld/RimWorldWin64_Data/Mono/data-0000020DC7CBE900.dll
Fallback handler could not load library D:/Program Files (x86)/Steam/steamapps/common/RimWorld/RimWorldWin64_Data/Mono/data-0000020DC7CF0F30.dll
Fallback handler could not load library D:/Program Files (x86)/Steam/steamapps/common/RimWorld/RimWorldWin64_Data/Mono/data-0000020DC7CFDF60.dll
Fallback handler could not load library D:/Program Files (x86)/Steam/steamapps/common/RimWorld/RimWorldWin64_Data/Mono/data-0000020DC7D2F170.dll
Fallback handler could not load library D:/Program Files (x86)/Steam/steamapps/common/RimWorld/RimWorldWin64_Data/Mono/data-0000020DC7D497A0.dll
Fallback handler could not load library D:/Program Files (x86)/Steam/steamapps/common/RimWorld/RimWorldWin64_Data/Mono/data-0000020DC7E467D0.dll
Fallback handler could not load library D:/Program Files (x86)/Steam/steamapps/common/RimWorld/RimWorldWin64_Data/Mono/data-0000020DC7EC4010.dll
Fallback handler could not load library D:/Program Files (x86)/Steam/steamapps/common/RimWorld/RimWorldWin64_Data/Mono/data-0000020DC8973040.dll
Fallback handler could not load library D:/Program Files (x86)/Steam/steamapps/common/RimWorld/RimWorldWin64_Data/Mono/data-0000020DC7F11010.dll
Fallback handler could not load library D:/Program Files (x86)/Steam/steamapps/common/RimWorld/RimWorldWin64_Data/Mono/data-0000020DC7F19A20.dll
Fallback handler could not load library D:/Program Files (x86)/Steam/steamapps/common/RimWorld/RimWorldWin64_Data/Mono/data-0000020DC7F3F230.dll
Fallback handler could not load library D:/Program Files (x86)/Steam/steamapps/common/RimWorld/RimWorldWin64_Data/Mono/data-0000020DC7F42C40.dll
Fallback handler could not load library D:/Program Files (x86)/Steam/steamapps/common/RimWorld/RimWorldWin64_Data/Mono/data-0000020DC7F6F260.dll
Fallback handler could not load library D:/Program Files (x86)/Steam/steamapps/common/RimWorld/RimWorldWin64_Data/Mono/data-0000020DC7F03F80.dll
Fallback handler could not load library D:/Program Files (x86)/Steam/steamapps/common/RimWorld/RimWorldWin64_Data/Mono/data-0000020DC7FB8290.dll
Fallback handler could not load library D:/Program Files (x86)/Steam/steamapps/common/RimWorld/RimWorldWin64_Data/Mono/data-0000020DC7FCCED0.dll
Fallback handler could not load library D:/Program Files (x86)/Steam/steamapps/common/RimWorld/RimWorldWin64_Data/Mono/data-0000020DC7FF3D00.dll
Fallback handler could not load library D:/Program Files (x86)/Steam/steamapps/common/RimWorld/RimWorldWin64_Data/Mono/data-0000020DC8009320.dll
Fallback handler could not load library D:/Program Files (x86)/Steam/steamapps/common/RimWorld/RimWorldWin64_Data/Mono/data-0000020DC8211840.dll
Fallback handler could not load library D:/Program Files (x86)/Steam/steamapps/common/RimWorld/RimWorldWin64_Data/Mono/data-0000020DC85410A0.dll
[HugsLib] version 10.0.1
Fallback handler could not load library D:/Program Files (x86)/Steam/steamapps/common/RimWorld/RimWorldWin64_Data/Mono/data-0000020DC39957D0.dll
[HugsLib] early-initializing AllowTool
[VanillaAchievementsExpanded] version 1.4.8315
Fallback handler could not load library D:/Program Files (x86)/Steam/steamapps/common/RimWorld/RimWorldWin64_Data/Mono/data-0000020DCB7AE040.dll
Fallback handler could not load library D:/Program Files (x86)/Steam/steamapps/common/RimWorld/RimWorldWin64_Data/Mono/data-0000020DCB5EB750.dll
Fallback handler could not load library D:/Program Files (x86)/Steam/steamapps/common/RimWorld/RimWorldWin64_Data/Mono/data-0000020DCB600B60.dll
Fallback handler could not load library D:/Program Files (x86)/Steam/steamapps/common/RimWorld/RimWorldWin64_Data/Mono/data-0000020DCB633370.dll
Fallback handler could not load library D:/Program Files (x86)/Steam/steamapps/common/RimWorld/RimWorldWin64_Data/Mono/data-0000020DCB4B8010.dll
Fallback handler could not load library D:/Program Files (x86)/Steam/steamapps/common/RimWorld/RimWorldWin64_Data/Mono/data-0000020DCACE6020.dll
Tried to use an uninitialized DefOf of type SoundDefOf. DefOfs are initialized right after all defs all loaded. Uninitialized DefOfs will return only nulls. (hint: don't use DefOfs as default field values in Defs, try to resolve them in ResolveReferences() instead) 
(Filename: C:\buildslave\unity\build\Runtime/Export/Debug/Debug.bindings.h Line: 39)

Tried to use an uninitialized DefOf of type KeyBindingDefOf. DefOfs are initialized right after all defs all loaded. Uninitialized DefOfs will return only nulls. (hint: don't use DefOfs as default field values in Defs, try to resolve them in ResolveReferences() instead) 
(Filename: C:\buildslave\unity\build\Runtime/Export/Debug/Debug.bindings.h Line: 39)

DubsBreakMod 1.0.1350
dubwise.dubscentralheating v1.0.55
DubsMintMenus v1.3.995
Rimatomics 1.7.2500
Equipment Manager: Initializing (v.1.4.0.2)...
Equipment Manager: VanillaFactionsExpanded.Core detected.
[1.3]Graphics Setter - Loaded
<color=#66ffb5>[MeleeAnim]</color> Hello, world!
Build date: 7/25/2023 9:21 PM
Loaded assemblies (10):
0BetterFloatMenu, Version=1.2.0.0, Culture=neutral, PublicKeyToken=null,
0ColourPicker, Version=1.0.0.0, Culture=neutral, PublicKeyToken=null,
AMRetextureSupport, Version=0.0.0.0, Culture=neutral, PublicKeyToken=null,
GistAPI, Version=0.0.0.0, Culture=neutral, PublicKeyToken=null,
Meta.Numerics, Version=3.1.0.0, Culture=neutral, PublicKeyToken=67d25c65a6631347,
ModRequestAPI, Version=1.0.0.0, Culture=neutral, PublicKeyToken=null,
ModRequestAPI.Models, Version=1.0.0.0, Culture=neutral, PublicKeyToken=null,
Unity.Newtonsoft.Json, Version=7.0.0.0, Culture=neutral, PublicKeyToken=null,
zAnimationMod, Version=1.0.0.0, Culture=neutral, PublicKeyToken=null,
zz.AM.PerformanceOptimizerPatch, Version=1.0.0.0, Culture=neutral, PublicKeyToken=null
<color=#66ffb5>[MeleeAnim]</color> <color=#ffa8fc>[Perf.Opt]</color> Loaded Performance Optimizer patch!
<color=#66ffb5>[MeleeAnim]</color> <color=#ffa8fc>[Perf.Opt]</color> Successfully patched and disabled buggy optimizations.
Project RimFactory Core 1.0.0.0 - Harmony patches successful
Project Rimfactory - added Support for shared Nutrient Dispenser with RimFridge Updated
Project Rimfactory - added Support for Fridge DSU Power using RimFridge
Ugh You Got Me: Trying to patch MentalState_SocialFighting.ShouldStop.get.
Ugh You Got Me: Patched MentalState_SocialFighting.ShouldStop.get.
Ugh You Got Me: Trying to patch JobGiver_SocialFighting.TryGiveJob
Ugh You Got Me: Patched JobGiver_SocialFighting.TryGiveJob.
[RimHUD v1.13.0] Initialized
Fallback handler could not load library D:/Program Files (x86)/Steam/steamapps/common/RimWorld/RimWorldWin64_Data/Mono/data-0000020DCF6D4020.dll
Fallback handler could not load library D:/Program Files (x86)/Steam/steamapps/common/RimWorld/RimWorldWin64_Data/Mono/data-0000020DCF644040.dll
Fallback handler could not load library D:/Program Files (x86)/Steam/steamapps/common/RimWorld/RimWorldWin64_Data/Mono/data-0000020DCF5D0040.dll
Fallback handler could not load library D:/Program Files (x86)/Steam/steamapps/common/RimWorld/RimWorldWin64_Data/Mono/data-0000020DCF6ECA60.dll
Fallback handler could not load library D:/Program Files (x86)/Steam/steamapps/common/RimWorld/RimWorldWin64_Data/Mono/data-0000020DCF6F6070.dll
GAGARIN: <color=green>StartUpStarted called!</color>
GAGARIN: <color=green>Cache found</color> 
(Filename: C:\buildslave\unity\build\Runtime/Export/Debug/Debug.bindings.h Line: 39)

GAGARIN: <color=yello>Cache disabled from</color>
StartUpStarted at offset 0 in file:line:column <filename unknown>:0:0
InternalInvoke at offset 0 in file:line:column <filename unknown>:0:0
Invoke at offset 0 in file:line:column <filename unknown>:0:0
Invoke at offset 0 in file:line:column <filename unknown>:0:0
<GetActions>b__3 at offset 0 in file:line:column <filename unknown>:0:0
.ctor at offset 0 in file:line:column <filename unknown>:0:0
InternalInvoke at offset 0 in file:line:column <filename unknown>:0:0
InternalInvoke at offset 0 in file:line:column <filename unknown>:0:0
DoInvoke at offset 0 in file:line:column <filename unknown>:0:0
Invoke at offset 0 in file:line:column <filename unknown>:0:0
CreateInstanceImpl at offset 0 in file:line:column <filename unknown>:0:0
CreateInstance at offset 0 in file:line:column <filename unknown>:0:0
CreateInstance at offset 0 in file:line:column <filename unknown>:0:0
CreateModClasses at offset 0 in file:line:column <filename unknown>:0:0
LoadAllActiveMods at offset 0 in file:line:column <filename unknown>:0:0
DoPlayLoad at offset 0 in file:line:column <filename unknown>:0:0
LoadAllPlayData at offset 0 in file:line:column <filename unknown>:0:0
<Start>b__6_1 at offset 0 in file:line:column <filename unknown>:0:0
RunEventFromAnotherThread at offset 0 in file:line:column <filename unknown>:0:0
<UpdateCurrentAsynchronousEvent>b__27_0 at offset 0 in file:line:column <filename unknown>:0:0
ThreadStart_Context at offset 0 in file:line:column <filename unknown>:0:0
RunInternal at offset 0 in file:line:column <filename unknown>:0:0
Run at offset 0 in file:line:column <filename unknown>:0:0
Run at offset 0 in file:line:column <filename unknown>:0:0
ThreadStart at offset 0 in file:line:column <filename unknown>:0:0 
(Filename: C:\buildslave\unity\build\Runtime/Export/Debug/Debug.bindings.h Line: 39)

GAGARIN: Mod list changed! Deleting cache 
(Filename: C:\buildslave\unity\build\Runtime/Export/Debug/Debug.bindings.h Line: 39)

GAGARIN: <color=green>Cache not found or got purged!</color> 
(Filename: C:\buildslave\unity\build\Runtime/Export/Debug/Debug.bindings.h Line: 39)

b.3704:4/19/2023 12:00:00 AM:1.4.3704 rev896
b.3704:4/19/2023 12:00:00 AM:1.4.3704 rev896
b.3704:4/19/2023 12:00:00 AM:1.4.3704 rev896
b.3704:4/19/2023 12:00:00 AM:1.4.3704 rev896
ROCKETMAN:No more RocketMan <color=gray>"Log spam"</color>...
I hope you're fucking satisfied.
GAGARIN: <color=white>LoadModXML_Profiler</color> took <color=red>2.347</color> seconds 
(Filename: C:\buildslave\unity\build\Runtime/Export/Debug/Debug.bindings.h Line: 39)

GAGARIN: CombineIntoUnifiedXML has <color=red>Context.IsUsingCache=False</color> 
(Filename: C:\buildslave\unity\build\Runtime/Export/Debug/Debug.bindings.h Line: 39)

GAGARIN: <color=white>CombineIntoUnifiedXML_Profiler</color> took <color=red>1.542</color> seconds 
(Filename: C:\buildslave\unity\build\Runtime/Export/Debug/Debug.bindings.h Line: 39)

GAGARIN: <color=white>TKeySystem.Parse</color> took <color=red>0.003</color> seconds 
(Filename: C:\buildslave\unity\build\Runtime/Export/Debug/Debug.bindings.h Line: 39)

[SafePatcher]The xPath: "Defs/ThingDef[defName="GD_MSSS"]" not found 
(Filename: C:\buildslave\unity\build\Runtime/Export/Debug/Debug.bindings.h Line: 39)

[SafePatcher]The xPath: "Defs/ThingDef[defName="GD_MSSS"]" not found 
(Filename: C:\buildslave\unity\build\Runtime/Export/Debug/Debug.bindings.h Line: 39)

[SafePatcher]The xPath: "Defs/ThingDef[defName="GD_INGrenadeLauncher"]" not found 
(Filename: C:\buildslave\unity\build\Runtime/Export/Debug/Debug.bindings.h Line: 39)

[SafePatcher]The xPath: "Defs/ThingDef[defName="GD_SKGrenadeLauncher"]" not found 
(Filename: C:\buildslave\unity\build\Runtime/Export/Debug/Debug.bindings.h Line: 39)

[SafePatcher]The xPath: "Defs/ThingDef[defName="GD_BSLauncher"]" not found 
(Filename: C:\buildslave\unity\build\Runtime/Export/Debug/Debug.bindings.h Line: 39)

LWM Deep Storage: activated compatibility patch for Fertile Fields
LWM Deep Storage: activated compatibility patch for Vanilla Cooking Expanded
[SafePatcher] Duplicated extension found, removing: MuzzleFlash.MuzzleFlashProps 
(Filename: C:\buildslave\unity\build\Runtime/Export/Debug/Debug.bindings.h Line: 39)

GAGARIN: <color=white>ApplyPatches_Profiler</color> took <color=red>15.982</color> seconds 
(Filename: C:\buildslave\unity\build\Runtime/Export/Debug/Debug.bindings.h Line: 39)

XML error: Could not find parent node named "VehiclePawn_Armored" for node "Vehicles.VehicleDef". Full node: <Vehicles.VehicleDef ParentName="VehiclePawn_Armored"><defName>DEPaladin</defName><label>Paladin</label><description>An upgraded model of the Bulldog, armed with a uranium slug turret.</description><graphicData><texPath>Things/Vehicles/Paladin/Paladin</texPath><graphicClass>Vehicles.Graphic_Vehicle</graphicClass><shaderType>CutoutComplexPattern</shaderType><drawSize>(4, 6)</drawSize><color>(155, 155, 155)</color><colorTwo>(65, 75, 80)</colorTwo><colorThree>(45, 50, 45)</colorThree></graphicData><fillPercent>1</fillPercent><buildDef>DEPaladin_Blueprint</buildDef><size>(3, 5)</size><vehicleMovementPermissions>DriverNeeded</vehicleMovementPermissions><vehicleCategory>Combat</vehicleCategory><techLevel>Industrial</techLevel><vehicleType>Land</vehicleType><statBases><ArmorRating_Blunt>0.48</ArmorRating_Blunt><ArmorRating_Sharp>0.85</ArmorRating_Sharp><Flammability>0.5</Flammability><MarketValue>3000</MarketValue></statBases><vehicleStats><Mass>450</Mass><MoveSpeed>7.2</MoveSpeed><CargoCapacity>100</CargoCapacity><RepairRate>0.3</RepairRate><AccelerationRate>0.06</AccelerationRate></vehicleStats><soundSustainersOnEvent><li><key>(IgnitionOn, IgnitionOff)</key><value>VVE_VehicleEngineHeavy</value></li></soundSustainersOnEvent><race><baseBodySize>4.5</baseBodySize></race><properties><customRoadCosts AssignDefaults="0.4" /><vehicleJobLimitations><li>(RepairVehicle, 3)</li></vehicleJobLimitations><roles><li><key>driver</key><label>Driver</label><slots>1</slots><slotsToOperate>1</slotsToOperate><handlingTypes><li>Movement</li></handlingTypes></li><li><key>gunner</key><label>Gunner</label><slots>1</slots><slotsToOperate>1</slotsToOperate><handlingTypes>Turret</handlingTypes><turretIds><li>mainTurret</li></turretIds></li></roles></properties><components><li><key>Engine</key><label>Engine</label><health>100</health><priorityStatEfficiency>true</priorityStatEfficiency><depth>External</depth><reactors><li Class="Vehicles.Reactor_Explosive"><indicator>VF_Explosive</indicator><chance>0.25</chance><radius>3</radius><damageDef>Bomb</damageDef></li></reactors><hitbox><cells><li>(0, -1)</li><li>(0, -2)</li></cells></hitbox><categories><li>MoveSpeed</li></categories></li><li><key>LeftTrack</key><label>Left Track</label><health>300</health><depth>External</depth><tags><li>Wheel</li></tags><hitbox><fallthrough>false</fallthrough><side>Left</side></hitbox><categories><li>MoveSpeed</li></categories></li><li><key>RightTrack</key><label>Right Track</label><health>300</health><depth>External</depth><tags><li>Wheel</li></tags><hitbox><fallthrough>false</fallthrough><side>Right</side></hitbox><categories><li>MoveSpeed</li></categories></li><li><key>FrontLeftDriveSprocket</key><label>Front Left Drive Sprocket</label><health>25</health><depth>External</depth><tags><li>Wheel</li></tags><hitbox><fallthrough>false</fallthrough><cells><li>(-1, 2)</li></cells></hitbox><categories><li>MoveSpeed</li></categories></li><li><key>FrontRightDriveSprocket</key><label>Front Right Drive Sprocket</label><health>25</health><depth>External</depth><tags><li>Wheel</li></tags><hitbox><fallthrough>false</fallthrough><cells><li>(1, 1)</li></cells></hitbox><categories><li>MoveSpeed</li></categories></li><li><key>BackLeftDriveSprocket</key><label>Back Left Drive Sprocket</label><health>25</health><depth>External</depth><tags><li>Wheel</li></tags><hitbox><fallthrough>false</fallthrough><cells><li>(-1, -2)</li></cells></hitbox><categories><li>MoveSpeed</li></categories></li><li><key>BackRightDriveSprocket</key><label>Back Right Drive Sprocket</label><health>25</health><depth>External</depth><tags><li>Wheel</li></tags><hitbox><fallthrough>false</fallthrough><cells><li>(1, -2)</li></cells></hitbox><categories><li>MoveSpeed</li></categories></li><li><key>Gearbox</key><label>Gearbox</label><health>50</health><depth>Internal</depth><hitbox><cells><li>(0, 1)</li></cells></hitbox><categories><li>MoveSpeed</li></categories></li><li><key>FrontArmorPlating</key><label>Front Armor Plating</label><health>400</health><depth>External</depth><armor><ArmorRating_Blunt>0.92</ArmorRating_Blunt><ArmorRating_Sharp>0.52</ArmorRating_Sharp></armor><hitbox><side>Front</side></hitbox></li><li><key>LeftArmorPlating</key><label>Left Armor Plating</label><health>300</health><depth>External</depth><armor><ArmorRating_Blunt>0.92</ArmorRating_Blunt><ArmorRating_Sharp>0.52</ArmorRating_Sharp></armor><hitbox><side>Left</side></hitbox></li><li><key>RightArmorPlating</key><label>Right Armor Plating</label><health>300</health><depth>External</depth><armor><ArmorRating_Blunt>0.92</ArmorRating_Blunt><ArmorRating_Sharp>0.52</ArmorRating_Sharp></armor><hitbox><side>Right</side></hitbox></li><li><key>BackArmorPlating</key><label>Rear Armor Plating</label><health>250</health><depth>External</depth><hitbox><side>Back</side></hitbox></li><li><key>Chemtank</key><label>Chemtank</label><health>80</health><depth>Internal</depth><reactors><li Class="Vehicles.Reactor_FuelLeak" /></reactors><hitbox><cells><li>(0, -1)</li></cells></hitbox></li><li><key>Dashboard</key><label>Dashboard</label><health>50</health><depth>Internal</depth><hitWeight>5</hitWeight></li><li><key>SteeringApparatus</key><label>Steering Apparatus</label><health>40</health><depth>Internal</depth><hitWeight>5</hitWeight></li><li><key>Alternator</key><label>Alternator</label><health>50</health><depth>Internal</depth></li><li><key>Roof</key><label>Roof</label><health>120</health><depth>External</depth><hitWeight>10</hitWeight><armor><ArmorRating_Blunt>0.92</ArmorRating_Blunt><ArmorRating_Sharp>0.52</ArmorRating_Sharp></armor></li></components><comps><li Class="Vehicles.CompProperties_FueledTravel"><fuelType>Chemfuel</fuelType><leakDef>Filth_Fuel</leakDef><fuelConsumptionRate>20</fuelConsumptionRate><fuelCapacity>100</fuelCapacity></li><li Class="Vehicles.CompProperties_VehicleTurrets"><turrets><li><turretDef>Paladin_MainTurret</turretDef><renderProperties><north>(0, 0.5)</north><south>(0, -0.5)</south><east>(0.5, 0.5)</east></renderProperties><gizmoLabel>Main Turret</gizmoLabel><angleRestricted /><aimPieOffset>(0, 2.55)</aimPieOffset><key>mainTurret</key></li></turrets></li></comps></Vehicles.VehicleDef> 
(Filename: C:\buildslave\unity\build\Runtime/Export/Debug/Debug.bindings.h Line: 39)

XML error: Could not find parent node named "VehiclePawn_Armored" for node "Vehicles.VehicleDef". Full node: <Vehicles.VehicleDef ParentName="VehiclePawn_Armored"><defName>DESpitfire</defName><label>Spitfire</label><description>A general main battle tank armed with a secondary flamethrower</description><graphicData><texPath>Things/Vehicles/Spitfire/Spitfire</texPath><graphicClass>Vehicles.Graphic_Vehicle</graphicClass><shaderType>CutoutComplexPattern</shaderType><drawSize>(4, 6)</drawSize><color>(155, 155, 155)</color><colorTwo>(65, 75, 80)</colorTwo><colorThree>(45, 50, 45)</colorThree></graphicData><fillPercent>1</fillPercent><buildDef>DESpitfire_Blueprint</buildDef><size>(3, 5)</size><vehicleMovementPermissions>DriverNeeded</vehicleMovementPermissions><vehicleCategory>Combat</vehicleCategory><techLevel>Industrial</techLevel><vehicleType>Land</vehicleType><statBases><ArmorRating_Blunt>0.48</ArmorRating_Blunt><ArmorRating_Sharp>0.85</ArmorRating_Sharp><Flammability>0.5</Flammability><MarketValue>2240</MarketValue></statBases><vehicleStats><Mass>450</Mass><MoveSpeed>7.2</MoveSpeed><CargoCapacity>100</CargoCapacity><RepairRate>0.3</RepairRate><AccelerationRate>0.06</AccelerationRate></vehicleStats><soundSustainersOnEvent><li><key>(IgnitionOn, IgnitionOff)</key><value>VVE_VehicleEngineHeavy</value></li></soundSustainersOnEvent><race><baseBodySize>4.5</baseBodySize></race><properties><customRoadCosts AssignDefaults="0.4" /><vehicleJobLimitations><li>(RepairVehicle, 3)</li></vehicleJobLimitations><roles><li><key>driver</key><label>Driver</label><slots>1</slots><slotsToOperate>1</slotsToOperate><handlingTypes><li>Movement</li></handlingTypes></li><li><key>gunner</key><label>Gunner</label><slots>1</slots><slotsToOperate>1</slotsToOperate><handlingTypes>Turret</handlingTypes><turretIds><li>mainTurret</li></turretIds></li></roles></properties><components><li><key>Engine</key><label>Engine</label><health>100</health><priorityStatEfficiency>true</priorityStatEfficiency><depth>External</depth><reactors><li Class="Vehicles.Reactor_Explosive"><indicator>VF_Explosive</indicator><chance>0.25</chance><radius>3</radius><damageDef>Bomb</damageDef></li></reactors><hitbox><cells><li>(0, -1)</li><li>(0, -2)</li></cells></hitbox><categories><li>MoveSpeed</li></categories></li><li><key>LeftTrack</key><label>Left Track</label><health>300</health><depth>External</depth><tags><li>Wheel</li></tags><hitbox><fallthrough>false</fallthrough><side>Left</side></hitbox><categories><li>MoveSpeed</li></categories></li><li><key>RightTrack</key><label>Right Track</label><health>300</health><depth>External</depth><tags><li>Wheel</li></tags><hitbox><fallthrough>false</fallthrough><side>Right</side></hitbox><categories><li>MoveSpeed</li></categories></li><li><key>FrontLeftDriveSprocket</key><label>Front Left Drive Sprocket</label><health>25</health><depth>External</depth><tags><li>Wheel</li></tags><hitbox><fallthrough>false</fallthrough><cells><li>(-1, 2)</li></cells></hitbox><categories><li>MoveSpeed</li></categories></li><li><key>FrontRightDriveSprocket</key><label>Front Right Drive Sprocket</label><health>25</health><depth>External</depth><tags><li>Wheel</li></tags><hitbox><fallthrough>false</fallthrough><cells><li>(1, 1)</li></cells></hitbox><categories><li>MoveSpeed</li></categories></li><li><key>BackLeftDriveSprocket</key><label>Back Left Drive Sprocket</label><health>25</health><depth>External</depth><tags><li>Wheel</li></tags><hitbox><fallthrough>false</fallthrough><cells><li>(-1, -2)</li></cells></hitbox><categories><li>MoveSpeed</li></categories></li><li><key>BackRightDriveSprocket</key><label>Back Right Drive Sprocket</label><health>25</health><depth>External</depth><tags><li>Wheel</li></tags><hitbox><fallthrough>false</fallthrough><cells><li>(1, -2)</li></cells></hitbox><categories><li>MoveSpeed</li></categories></li><li><key>Gearbox</key><label>Gearbox</label><health>50</health><depth>Internal</depth><hitbox><cells><li>(0, 1)</li></cells></hitbox><categories><li>MoveSpeed</li></categories></li><li><key>FrontArmorPlating</key><label>Front Armor Plating</label><health>300</health><depth>External</depth><armor><ArmorRating_Blunt>0.92</ArmorRating_Blunt><ArmorRating_Sharp>0.52</ArmorRating_Sharp></armor><hitbox><side>Front</side></hitbox></li><li><key>LeftArmorPlating</key><label>Left Armor Plating</label><health>300</health><depth>External</depth><armor><ArmorRating_Blunt>0.92</ArmorRating_Blunt><ArmorRating_Sharp>0.52</ArmorRating_Sharp></armor><hitbox><side>Left</side></hitbox></li><li><key>RightArmorPlating</key><label>Right Armor Plating</label><health>300</health><depth>External</depth><armor><ArmorRating_Blunt>0.92</ArmorRating_Blunt><ArmorRating_Sharp>0.52</ArmorRating_Sharp></armor><hitbox><side>Right</side></hitbox></li><li><key>BackArmorPlating</key><label>Rear Armor Plating</label><health>250</health><depth>External</depth><hitbox><side>Back</side></hitbox></li><li><key>Chemtank</key><label>Chemtank</label><health>120</health><depth>Internal</depth><reactors><li Class="Vehicles.Reactor_FuelLeak" /></reactors><hitbox><cells><li>(0, -1)</li></cells></hitbox></li><li><key>Dashboard</key><label>Dashboard</label><health>50</health><depth>Internal</depth><hitWeight>5</hitWeight></li><li><key>SteeringApparatus</key><label>Steering Apparatus</label><health>40</health><depth>Internal</depth><hitWeight>5</hitWeight></li><li><key>Alternator</key><label>Alternator</label><health>50</health><depth>Internal</depth></li><li><key>Roof</key><label>Roof</label><health>120</health><depth>External</depth><hitWeight>10</hitWeight><armor><ArmorRating_Blunt>0.92</ArmorRating_Blunt><ArmorRating_Sharp>0.52</ArmorRating_Sharp></armor></li></components><comps><li Class="Vehicles.CompProperties_FueledTravel"><fuelType>Chemfuel</fuelType><leakDef>Filth_Fuel</leakDef><fuelConsumptionRate>20</fuelConsumptionRate><fuelCapacity>100</fuelCapacity></li><li Class="Vehicles.CompProperties_VehicleTurrets"><turrets><li><turretDef>Spitfire_MainTurret</turretDef><renderProperties><north>(0, 0.3)</north><south>(0, -0.3)</south><east>(0.3, 0.5)</east></renderProperties><gizmoLabel>Main Turret</gizmoLabel><angleRestricted /><aimPieOffset>(0, 2.55)</aimPieOffset><key>mainTurret</key></li></turrets></li></comps></Vehicles.VehicleDef> 
(Filename: C:\buildslave\unity\build\Runtime/Export/Debug/Debug.bindings.h Line: 39)

GAGARIN: <color=white>XmlInheritance.Resolve</color> took <color=red>0.608</color> seconds 
(Filename: C:\buildslave\unity\build\Runtime/Export/Debug/Debug.bindings.h Line: 39)

